<?xml version="1.0" encoding="UTF-8"?>
<!-- Generated by org.testng.reporters.JUnitReportReporter -->
<testsuite name="com.qa.hubspot.testcases.LoginPageTest" tests="3" time="6.976" ignored="0" failures="0" timestamp="07 Jul 2020 16:04:56 GMT" skipped="0" hostname="LAPTOP-U08S3ANA" errors="0">
  <testcase name="LoginTest" time="1.099" classname="com.qa.hubspot.testcases.LoginPageTest"/>
  <testcase name="verifySignUpLinkTest" time="5.792" classname="com.qa.hubspot.testcases.LoginPageTest"/>
  <testcase name="verifyLoginPageTitleTest" time="0.085" classname="com.qa.hubspot.testcases.LoginPageTest"/>
</testsuite> <!-- com.qa.hubspot.testcases.LoginPageTest -->
