<?xml version="1.0" encoding="UTF-8"?>
<!-- Generated by org.testng.reporters.JUnitReportReporter -->
<testsuite name="com.qa.hubspot.testcases.LoginPageTest" tests="3" time="7.793" ignored="0" failures="0" timestamp="08 Jul 2020 20:59:14 GMT" skipped="0" hostname="LAPTOP-U08S3ANA" errors="0">
  <testcase name="verifySignUpLinkTest" time="5.951" classname="com.qa.hubspot.testcases.LoginPageTest"/>
  <testcase name="verifyLoginPageTitleTest" time="0.213" classname="com.qa.hubspot.testcases.LoginPageTest"/>
  <testcase name="LoginTest" time="1.629" classname="com.qa.hubspot.testcases.LoginPageTest"/>
</testsuite> <!-- com.qa.hubspot.testcases.LoginPageTest -->
