<?xml version="1.0" encoding="UTF-8"?>
<!-- Generated by org.testng.reporters.JUnitReportReporter -->
<testsuite name="com.qa.hubspot.testcases.HomePageTest" tests="3" time="3.838" ignored="0" failures="0" timestamp="08 Jul 2020 20:59:14 GMT" skipped="0" hostname="LAPTOP-U08S3ANA" errors="0">
  <testcase name="verifyLoggedInUserTest" time="0.291" classname="com.qa.hubspot.testcases.HomePageTest"/>
  <testcase name="verifyHomePageTitleTest" time="0.024" classname="com.qa.hubspot.testcases.HomePageTest"/>
  <testcase name="verifyHomePageHeaderTest" time="3.523" classname="com.qa.hubspot.testcases.HomePageTest"/>
</testsuite> <!-- com.qa.hubspot.testcases.HomePageTest -->
