<?xml version="1.0" encoding="UTF-8"?>
<!-- Generated by org.testng.reporters.JUnitReportReporter -->
<testsuite name="com.qa.hubspot.testcases.HomePageTest" tests="3" time="10.786" ignored="0" failures="0" timestamp="01 Jul 2020 19:55:44 GMT" skipped="0" hostname="LAPTOP-U08S3ANA" errors="0">
  <testcase name="verifyHomePageTitleTest" time="0.031" classname="com.qa.hubspot.testcases.HomePageTest"/>
  <testcase name="verifyHomePageHeaderTest" time="10.115" classname="com.qa.hubspot.testcases.HomePageTest"/>
  <testcase name="verifyLoggedInUserTest" time="0.640" classname="com.qa.hubspot.testcases.HomePageTest"/>
</testsuite> <!-- com.qa.hubspot.testcases.HomePageTest -->
