<?xml version="1.0" encoding="UTF-8"?>
<!-- Generated by org.testng.reporters.JUnitReportReporter -->
<testsuite name="com.qa.hubspot.testcases.LoginPageTest" tests="3" time="13.107" ignored="0" failures="0" timestamp="01 Jul 2020 19:55:44 GMT" skipped="0" hostname="LAPTOP-U08S3ANA" errors="0">
  <testcase name="verifySignUpLinkTest" time="9.555" classname="com.qa.hubspot.testcases.LoginPageTest"/>
  <testcase name="LoginTest" time="3.397" classname="com.qa.hubspot.testcases.LoginPageTest"/>
  <testcase name="verifyLoginPageTitleTest" time="0.155" classname="com.qa.hubspot.testcases.LoginPageTest"/>
</testsuite> <!-- com.qa.hubspot.testcases.LoginPageTest -->
